<?xml version="1.0" encoding="UTF-8"?>
<!-- Generated by org.testng.reporters.JUnitXMLReporter -->
<testsuite hostname="DELL-PC" name="Testch" tests="5" failures="0" timestamp="2 Oct 2016 06:25:15 GMT" time="33.248" errors="0">
  <testcase name="InvalidSearch" time="1.685" classname="testScript.Scenario_Search"/>
  <testcase name="ValidSearch" time="2.131" classname="testScript.Scenario_Search"/>
  <testcase name="ValidSearch" time="2.268" classname="testScript.Scenario_Search"/>
  <testcase name="ValidSearch" time="1.316" classname="testScript.Scenario_Search"/>
  <testcase name="Add_to_cart" time="4.12" classname="testScript.Scenario_Cart"/>
</testsuite> <!-- Testch -->
