<?xml version="1.0" encoding="UTF-8"?>
<testng-results skipped="0" failed="0" total="1" passed="1">
  <reporter-output>
  </reporter-output>
  <suite name="Suite" duration-ms="16627" started-at="2016-10-02T07:18:30Z" finished-at="2016-10-02T07:18:47Z">
    <groups>
    </groups>
    <test name="Test" duration-ms="16627" started-at="2016-10-02T07:18:30Z" finished-at="2016-10-02T07:18:47Z">
      <class name="testScript.Scenario_Cart">
        <test-method status="PASS" signature="intitalSetup()[pri:0, instance:testScript.Scenario_Cart@17d0008]" name="intitalSetup" is-config="true" duration-ms="219" started-at="2016-10-02T12:48:30Z" finished-at="2016-10-02T12:48:30Z">
          <reporter-output>
          </reporter-output>
        </test-method> <!-- intitalSetup -->
        <test-method status="PASS" signature="launch_App(java.lang.String)[pri:0, instance:testScript.Scenario_Cart@17d0008]" name="launch_App" is-config="true" duration-ms="8580" started-at="2016-10-02T12:48:31Z" finished-at="2016-10-02T12:48:40Z">
          <params>
            <param index="0">
              <value>
                <![CDATA[firefox]]>
              </value>
            </param>
          </params>
          <reporter-output>
          </reporter-output>
        </test-method> <!-- launch_App -->
        <test-method status="PASS" signature="Add_to_cart(java.util.Map)[pri:0, instance:testScript.Scenario_Cart@17d0008]" name="Add_to_cart" duration-ms="7283" started-at="2016-10-02T12:48:40Z" data-provider="Addtocart" finished-at="2016-10-02T12:48:47Z">
          <params>
            <param index="0">
              <value>
                <![CDATA[{Searchtext=flood and fire, Execute=Y, Script_id=Addtocart, TCID=TC_11, order=1.0}]]>
              </value>
            </param>
          </params>
          <reporter-output>
          </reporter-output>
        </test-method> <!-- Add_to_cart -->
        <test-method status="PASS" signature="teardown()[pri:0, instance:testScript.Scenario_Cart@17d0008]" name="teardown" is-config="true" duration-ms="217" started-at="2016-10-02T12:48:47Z" finished-at="2016-10-02T12:48:47Z">
          <reporter-output>
          </reporter-output>
        </test-method> <!-- teardown -->
      </class> <!-- testScript.Scenario_Cart -->
    </test> <!-- Test -->
  </suite> <!-- Suite -->
</testng-results>
